


ARM Macro Assembler    Page 1 


    1 00000000         ;*******************************************************
                       ************************
    2 00000000         ;* File Name          : startup_stm32h562xx.s
    3 00000000         ;* Author             : MCD Application Team
    4 00000000         ;* Description        : STM32H562xx Non Crypto devices v
                       ector table for MDK-ARM toolchain.
    5 00000000         ;*                      This module performs:
    6 00000000         ;*                      - Set the initial SP
    7 00000000         ;*                      - Set the initial PC == Reset_Ha
                       ndler
    8 00000000         ;*                      - Set the vector table entries w
                       ith the exceptions ISR address
    9 00000000         ;*                      - Branches to __main in the C li
                       brary (which eventually
   10 00000000         ;*                        calls main()).
   11 00000000         ;*                      After Reset the Cortex-M33 proce
                       ssor is in Thread mode,
   12 00000000         ;*                      priority is Privileged, and the 
                       Stack is set to Main.
   13 00000000         ;*******************************************************
                       ************************
   14 00000000         ;* @attention
   15 00000000         ;*
   16 00000000         ;* Copyright (c) 2023 STMicroelectronics.
   17 00000000         ;* All rights reserved.
   18 00000000         ;*
   19 00000000         ;* This software is licensed under terms that can be fou
                       nd in the LICENSE file
   20 00000000         ;* in the root directory of this software component.
   21 00000000         ;* If no LICENSE file comes with this software, it is pr
                       ovided AS-IS.
   22 00000000         ;*
   23 00000000         ;*******************************************************
                       ************************
   24 00000000         ;* <<< Use Configuration Wizard in Context Menu >>>
   25 00000000         ;
   26 00000000         ; Amount of memory (in bytes) allocated for Stack
   27 00000000         ; Tailor this value to your application needs
   28 00000000         ; <h> Stack Configuration
   29 00000000         ;   <o> Stack Size (in Bytes) <0x0-0xFFFFFFFF:8>
   30 00000000         ; </h>
   31 00000000         
   32 00000000 00000400 
                       Stack_Size
                               EQU              0x400
   33 00000000         
   34 00000000                 AREA             STACK, NOINIT, READWRITE, ALIGN
=3
   35 00000000         Stack_Mem
                               SPACE            Stack_Size
   36 00000400         __initial_sp
   37 00000400         
   38 00000400         
   39 00000400         ; <h> Heap Configuration
   40 00000400         ;   <o>  Heap Size (in Bytes) <0x0-0xFFFFFFFF:8>
   41 00000400         ; </h>
   42 00000400         
   43 00000400 00000200 
                       Heap_Size



ARM Macro Assembler    Page 2 


                               EQU              0x200
   44 00000400         
   45 00000400                 AREA             HEAP, NOINIT, READWRITE, ALIGN=
3
   46 00000000         __heap_base
   47 00000000         Heap_Mem
                               SPACE            Heap_Size
   48 00000200         __heap_limit
   49 00000200         
   50 00000200                 PRESERVE8
   51 00000200                 THUMB
   52 00000200         
   53 00000200         
   54 00000200         ; Vector Table Mapped to Address 0 at Reset
   55 00000200                 AREA             RESET, DATA, READONLY
   56 00000000                 EXPORT           __Vectors
   57 00000000                 EXPORT           __Vectors_End
   58 00000000                 EXPORT           __Vectors_Size
   59 00000000         
   60 00000000 00000000 
                       __Vectors
                               DCD              __initial_sp ; Top of Stack
   61 00000004 00000000        DCD              Reset_Handler ; Reset Handler
   62 00000008 00000000        DCD              NMI_Handler ; NMI Handler
   63 0000000C 00000000        DCD              HardFault_Handler ; Hard Fault 
                                                            Handler
   64 00000010 00000000        DCD              MemManage_Handler 
                                                            ; MPU Fault Handler
                                                            
   65 00000014 00000000        DCD              BusFault_Handler 
                                                            ; Bus Fault Handler
                                                            
   66 00000018 00000000        DCD              UsageFault_Handler ; Usage Faul
                                                            t Handler
   67 0000001C 00000000        DCD              SecureFault_Handler ; Secure Fa
                                                            ult Handler
   68 00000020 00000000        DCD              0           ; Reserved
   69 00000024 00000000        DCD              0           ; Reserved
   70 00000028 00000000        DCD              0           ; Reserved
   71 0000002C 00000000        DCD              SVC_Handler ; SVCall Handler
   72 00000030 00000000        DCD              DebugMon_Handler ; Debug Monito
                                                            r Handler
   73 00000034 00000000        DCD              0           ; Reserved
   74 00000038 00000000        DCD              PendSV_Handler ; PendSV Handler
                                                            
   75 0000003C 00000000        DCD              SysTick_Handler 
                                                            ; SysTick Handler
   76 00000040         ; External Interrupts
   77 00000040 00000000        DCD              WWDG_IRQHandler 
                                                            ; Window WatchDog
   78 00000044 00000000        DCD              PVD_AVD_IRQHandler ; PVD/AVD th
                                                            rough EXTI Line det
                                                            ection Interrupt
   79 00000048 00000000        DCD              RTC_IRQHandler ; RTC non-secure
                                                             interrupt
   80 0000004C 00000000        DCD              RTC_S_IRQHandler ; RTC secure i
                                                            nterrupt
   81 00000050 00000000        DCD              TAMP_IRQHandler ; Tamper non-se
                                                            cure interrupt



ARM Macro Assembler    Page 3 


   82 00000054 00000000        DCD              RAMCFG_IRQHandler 
                                                            ; RAMCFG global
   83 00000058 00000000        DCD              FLASH_IRQHandler ; FLASH non-se
                                                            cure global interru
                                                            pt
   84 0000005C 00000000        DCD              FLASH_S_IRQHandler ; FLASH secu
                                                            re global interrupt
                                                            
   85 00000060 00000000        DCD              GTZC_IRQHandler ; Global TrustZ
                                                            one Controller inte
                                                            rrupt
   86 00000064 00000000        DCD              RCC_IRQHandler ; RCC non-secure
                                                             global interrupt
   87 00000068 00000000        DCD              RCC_S_IRQHandler ; RCC secure g
                                                            lobal interrupt
   88 0000006C 00000000        DCD              EXTI0_IRQHandler ; EXTI Line0 i
                                                            nterrupt
   89 00000070 00000000        DCD              EXTI1_IRQHandler ; EXTI Line1 i
                                                            nterrupt
   90 00000074 00000000        DCD              EXTI2_IRQHandler ; EXTI Line2 i
                                                            nterrupt
   91 00000078 00000000        DCD              EXTI3_IRQHandler ; EXTI Line3 i
                                                            nterrupt
   92 0000007C 00000000        DCD              EXTI4_IRQHandler ; EXTI Line4 i
                                                            nterrupt
   93 00000080 00000000        DCD              EXTI5_IRQHandler ; EXTI Line5 i
                                                            nterrupt
   94 00000084 00000000        DCD              EXTI6_IRQHandler ; EXTI Line6 i
                                                            nterrupt
   95 00000088 00000000        DCD              EXTI7_IRQHandler ; EXTI Line7 i
                                                            nterrupt
   96 0000008C 00000000        DCD              EXTI8_IRQHandler ; EXTI Line8 i
                                                            nterrupt
   97 00000090 00000000        DCD              EXTI9_IRQHandler ; EXTI Line9 i
                                                            nterrupt
   98 00000094 00000000        DCD              EXTI10_IRQHandler ; EXTI Line10
                                                             interrupt
   99 00000098 00000000        DCD              EXTI11_IRQHandler ; EXTI Line11
                                                             interrupt
  100 0000009C 00000000        DCD              EXTI12_IRQHandler ; EXTI Line12
                                                             interrupt
  101 000000A0 00000000        DCD              EXTI13_IRQHandler ; EXTI Line13
                                                             interrupt
  102 000000A4 00000000        DCD              EXTI14_IRQHandler ; EXTI Line14
                                                             interrupt
  103 000000A8 00000000        DCD              EXTI15_IRQHandler ; EXTI Line15
                                                             interrupt
  104 000000AC 00000000        DCD              GPDMA1_Channel0_IRQHandler ; GP
                                                            DMA1 Channel 0 glob
                                                            al interrupt
  105 000000B0 00000000        DCD              GPDMA1_Channel1_IRQHandler ; GP
                                                            DMA1 Channel 1 glob
                                                            al interrupt
  106 000000B4 00000000        DCD              GPDMA1_Channel2_IRQHandler ; GP
                                                            DMA1 Channel 2 glob
                                                            al interrupt
  107 000000B8 00000000        DCD              GPDMA1_Channel3_IRQHandler ; GP
                                                            DMA1 Channel 3 glob
                                                            al interrupt



ARM Macro Assembler    Page 4 


  108 000000BC 00000000        DCD              GPDMA1_Channel4_IRQHandler ; GP
                                                            DMA1 Channel 4 glob
                                                            al interrupt
  109 000000C0 00000000        DCD              GPDMA1_Channel5_IRQHandler ; GP
                                                            DMA1 Channel 5 glob
                                                            al interrupt
  110 000000C4 00000000        DCD              GPDMA1_Channel6_IRQHandler ; GP
                                                            DMA1 Channel 6 glob
                                                            al interrupt
  111 000000C8 00000000        DCD              GPDMA1_Channel7_IRQHandler ; GP
                                                            DMA1 Channel 7 glob
                                                            al interrupt
  112 000000CC 00000000        DCD              IWDG_IRQHandler ; IWDG global i
                                                            nterrupt
  113 000000D0 00000000        DCD              0           ; Reserved
  114 000000D4 00000000        DCD              ADC1_IRQHandler ; ADC1 global i
                                                            nterrupt
  115 000000D8 00000000        DCD              DAC1_IRQHandler ; DAC1 global i
                                                            nterrupt
  116 000000DC 00000000        DCD              FDCAN1_IT0_IRQHandler ; FDCAN1 
                                                            interrupt 0
  117 000000E0 00000000        DCD              FDCAN1_IT1_IRQHandler ; FDCAN1 
                                                            interrupt 1
  118 000000E4 00000000        DCD              TIM1_BRK_IRQHandler ; TIM1 Brea
                                                            k interrupt
  119 000000E8 00000000        DCD              TIM1_UP_IRQHandler ; TIM1 Updat
                                                            e interrupt
  120 000000EC 00000000        DCD              TIM1_TRG_COM_IRQHandler ; TIM1 
                                                            Trigger and Commuta
                                                            tion interrupt
  121 000000F0 00000000        DCD              TIM1_CC_IRQHandler ; TIM1 Captu
                                                            re Compare interrup
                                                            t
  122 000000F4 00000000        DCD              TIM2_IRQHandler ; TIM2 global i
                                                            nterrupt
  123 000000F8 00000000        DCD              TIM3_IRQHandler ; TIM3 global i
                                                            nterrupt
  124 000000FC 00000000        DCD              TIM4_IRQHandler ; TIM4 global i
                                                            nterrupt
  125 00000100 00000000        DCD              TIM5_IRQHandler ; TIM5 global i
                                                            nterrupt
  126 00000104 00000000        DCD              TIM6_IRQHandler ; TIM6 global i
                                                            nterrupt
  127 00000108 00000000        DCD              TIM7_IRQHandler ; TIM7 global i
                                                            nterrupt
  128 0000010C 00000000        DCD              I2C1_EV_IRQHandler ; I2C1 Event
                                                             interrupt
  129 00000110 00000000        DCD              I2C1_ER_IRQHandler ; I2C1 Error
                                                             interrupt
  130 00000114 00000000        DCD              I2C2_EV_IRQHandler ; I2C2 Event
                                                             interrupt
  131 00000118 00000000        DCD              I2C2_ER_IRQHandler ; I2C2 Error
                                                             interrupt
  132 0000011C 00000000        DCD              SPI1_IRQHandler ; SPI1 global i
                                                            nterrupt
  133 00000120 00000000        DCD              SPI2_IRQHandler ; SPI2 global i
                                                            nterrupt
  134 00000124 00000000        DCD              SPI3_IRQHandler ; SPI3 global i
                                                            nterrupt



ARM Macro Assembler    Page 5 


  135 00000128 00000000        DCD              USART1_IRQHandler ; USART1 glob
                                                            al interrupt
  136 0000012C 00000000        DCD              USART2_IRQHandler ; USART2 glob
                                                            al interrupt
  137 00000130 00000000        DCD              USART3_IRQHandler ; USART3 glob
                                                            al interrupt
  138 00000134 00000000        DCD              UART4_IRQHandler ; UART4 global
                                                             interrupt
  139 00000138 00000000        DCD              UART5_IRQHandler ; UART5 global
                                                             interrupt
  140 0000013C 00000000        DCD              LPUART1_IRQHandler ; LPUART1 gl
                                                            obal interrupt
  141 00000140 00000000        DCD              LPTIM1_IRQHandler ; LPTIM1 glob
                                                            al interrupt
  142 00000144 00000000        DCD              TIM8_BRK_IRQHandler ; TIM8 Brea
                                                            k interrupt
  143 00000148 00000000        DCD              TIM8_UP_IRQHandler ; TIM8 Updat
                                                            e interrupt
  144 0000014C 00000000        DCD              TIM8_TRG_COM_IRQHandler ; TIM8 
                                                            Trigger and Commuta
                                                            tion interrupt
  145 00000150 00000000        DCD              TIM8_CC_IRQHandler ; TIM8 Captu
                                                            re Compare interrup
                                                            t
  146 00000154 00000000        DCD              ADC2_IRQHandler ; ADC2 global i
                                                            nterrupt
  147 00000158 00000000        DCD              LPTIM2_IRQHandler ; LPTIM2 glob
                                                            al interrupt
  148 0000015C 00000000        DCD              TIM15_IRQHandler ; TIM15 global
                                                             interrupt
  149 00000160 00000000        DCD              TIM16_IRQHandler ; TIM16 global
                                                             interrupt
  150 00000164 00000000        DCD              TIM17_IRQHandler ; TIM17 global
                                                             interrupt
  151 00000168 00000000        DCD              USB_DRD_FS_IRQHandler ; USB DRD
                                                             FS global interrup
                                                            t
  152 0000016C 00000000        DCD              CRS_IRQHandler ; CRS global int
                                                            errupt
  153 00000170 00000000        DCD              UCPD1_IRQHandler ; UCPD1 global
                                                             interrupt
  154 00000174 00000000        DCD              FMC_IRQHandler ; FMC global int
                                                            errupt
  155 00000178 00000000        DCD              OCTOSPI1_IRQHandler ; OctoSPI1 
                                                            global interrupt
  156 0000017C 00000000        DCD              SDMMC1_IRQHandler ; SDMMC1 glob
                                                            al interrupt
  157 00000180 00000000        DCD              I2C3_EV_IRQHandler ; I2C2 Event
                                                             interrupt
  158 00000184 00000000        DCD              I2C3_ER_IRQHandler ; I2C2 Error
                                                             interrupt
  159 00000188 00000000        DCD              SPI4_IRQHandler ; SPI4 global i
                                                            nterrupt
  160 0000018C 00000000        DCD              SPI5_IRQHandler ; SPI5 global i
                                                            nterrupt
  161 00000190 00000000        DCD              SPI6_IRQHandler ; SPI6 global i
                                                            nterrupt
  162 00000194 00000000        DCD              USART6_IRQHandler ; USART6 glob
                                                            al interrupt



ARM Macro Assembler    Page 6 


  163 00000198 00000000        DCD              USART10_IRQHandler ; USART10 gl
                                                            obal interrupt
  164 0000019C 00000000        DCD              USART11_IRQHandler ; USART11 gl
                                                            obal interrupt
  165 000001A0 00000000        DCD              SAI1_IRQHandler ; Serial Audio 
                                                            Interface 1 global 
                                                            interrupt
  166 000001A4 00000000        DCD              SAI2_IRQHandler ; Serial Audio 
                                                            Interface 2 global 
                                                            interrupt
  167 000001A8 00000000        DCD              GPDMA2_Channel0_IRQHandler ; GP
                                                            DMA2 Channel 0 glob
                                                            al interrupt
  168 000001AC 00000000        DCD              GPDMA2_Channel1_IRQHandler ; GP
                                                            DMA2 Channel 1 glob
                                                            al interrupt
  169 000001B0 00000000        DCD              GPDMA2_Channel2_IRQHandler ; GP
                                                            DMA2 Channel 2 glob
                                                            al interrupt
  170 000001B4 00000000        DCD              GPDMA2_Channel3_IRQHandler ; GP
                                                            DMA2 Channel 3 glob
                                                            al interrupt
  171 000001B8 00000000        DCD              GPDMA2_Channel4_IRQHandler ; GP
                                                            DMA2 Channel 4 glob
                                                            al interrupt
  172 000001BC 00000000        DCD              GPDMA2_Channel5_IRQHandler ; GP
                                                            DMA2 Channel 5 glob
                                                            al interrupt
  173 000001C0 00000000        DCD              GPDMA2_Channel6_IRQHandler ; GP
                                                            DMA2 Channel 6 glob
                                                            al interrupt
  174 000001C4 00000000        DCD              GPDMA2_Channel7_IRQHandler ; GP
                                                            DMA2 Channel 7 glob
                                                            al interrupt
  175 000001C8 00000000        DCD              UART7_IRQHandler ; UART7 global
                                                             interrupt
  176 000001CC 00000000        DCD              UART8_IRQHandler ; UART8 global
                                                             interrupt
  177 000001D0 00000000        DCD              UART9_IRQHandler ; UART9 global
                                                             interrupt
  178 000001D4 00000000        DCD              UART12_IRQHandler ; UART12 glob
                                                            al interrupt
  179 000001D8 00000000        DCD              0           ; Reserved
  180 000001DC 00000000        DCD              FPU_IRQHandler ; FPU global int
                                                            errupt
  181 000001E0 00000000        DCD              ICACHE_IRQHandler ; Instruction
                                                             cache global inter
                                                            rupt
  182 000001E4 00000000        DCD              DCACHE1_IRQHandler ; DCACHE1 gl
                                                            obal interrupt
  183 000001E8 00000000        DCD              0           ; Reserved
  184 000001EC 00000000        DCD              0           ; Reserved
  185 000001F0 00000000        DCD              DCMI_PSSI_IRQHandler ; DCMI PSS
                                                            I global interrupt
  186 000001F4 00000000        DCD              0           ; Reserved
  187 000001F8 00000000        DCD              0           ; Reserved
  188 000001FC 00000000        DCD              CORDIC_IRQHandler ; CORDIC glob
                                                            al interrupt
  189 00000200 00000000        DCD              FMAC_IRQHandler ; FMAC global i



ARM Macro Assembler    Page 7 


                                                            nterrupt
  190 00000204 00000000        DCD              DTS_IRQHandler ; DTS global int
                                                            errupt
  191 00000208 00000000        DCD              RNG_IRQHandler ; RNG global int
                                                            errupt
  192 0000020C 00000000        DCD              0           ; Reserved
  193 00000210 00000000        DCD              0           ; Reserved
  194 00000214 00000000        DCD              HASH_IRQHandler ; HASH global i
                                                            nterrupt
  195 00000218 00000000        DCD              0           ; Reserved
  196 0000021C 00000000        DCD              CEC_IRQHandler ; CEC global int
                                                            errupt
  197 00000220 00000000        DCD              TIM12_IRQHandler ; TIM12 global
                                                             interrupt
  198 00000224 00000000        DCD              TIM13_IRQHandler ; TIM13 global
                                                             interrupt
  199 00000228 00000000        DCD              TIM14_IRQHandler ; TIM14 global
                                                             interrupt
  200 0000022C 00000000        DCD              I3C1_EV_IRQHandler ; I3C1 Event
                                                             interrupt
  201 00000230 00000000        DCD              I3C1_ER_IRQHandler ; I3C1 Error
                                                             interrupt
  202 00000234 00000000        DCD              I2C4_EV_IRQHandler ; I2C4 Event
                                                             interrupt
  203 00000238 00000000        DCD              I2C4_ER_IRQHandler ; I2C4 Error
                                                             interrupt
  204 0000023C 00000000        DCD              LPTIM3_IRQHandler ; LPTIM3 glob
                                                            al interrupt
  205 00000240 00000000        DCD              LPTIM4_IRQHandler ; LPTIM4 glob
                                                            al interrupt
  206 00000244 00000000        DCD              LPTIM5_IRQHandler ; LPTIM5 glob
                                                            al interrupt
  207 00000248 00000000        DCD              LPTIM6_IRQHandler ; LPTIM6 glob
                                                            al interrupt
  208 0000024C         
  209 0000024C         
  210 0000024C         __Vectors_End
  211 0000024C         
  212 0000024C 0000024C 
                       __Vectors_Size
                               EQU              __Vectors_End - __Vectors
  213 0000024C         
  214 0000024C                 AREA             |.text|, CODE, READONLY
  215 00000000         
  216 00000000         
  217 00000000         ; Reset Handler
  218 00000000         
  219 00000000         Reset_Handler
                               PROC
  220 00000000                 EXPORT           Reset_Handler             [WEAK
]
  221 00000000                 IMPORT           SystemInit
  222 00000000                 IMPORT           __main
  223 00000000 4807            LDR              R0, =SystemInit
  224 00000002 4780            BLX              R0
  225 00000004 4807            LDR              R0, =__main
  226 00000006 4700            BX               R0
  227 00000008                 ENDP
  228 00000008         



ARM Macro Assembler    Page 8 


  229 00000008         
  230 00000008         ; Dummy Exception Handlers (infinite loops which can be 
                       modified)
  231 00000008         
  233 00000008         NMI_Handler
                               PROC
  234 00000008                 EXPORT           NMI_Handler               [WEAK
]
  235 00000008 E7FE            B                .
  236 0000000A                 ENDP
  238 0000000A         HardFault_Handler
                               PROC
  239 0000000A                 EXPORT           HardFault_Handler         [WEAK
]
  240 0000000A E7FE            B                .
  241 0000000C                 ENDP
  243 0000000C         MemManage_Handler
                               PROC
  244 0000000C                 EXPORT           MemManage_Handler         [WEAK
]
  245 0000000C E7FE            B                .
  246 0000000E                 ENDP
  248 0000000E         BusFault_Handler
                               PROC
  249 0000000E                 EXPORT           BusFault_Handler          [WEAK
]
  250 0000000E E7FE            B                .
  251 00000010                 ENDP
  253 00000010         UsageFault_Handler
                               PROC
  254 00000010                 EXPORT           UsageFault_Handler        [WEAK
]
  255 00000010 E7FE            B                .
  256 00000012                 ENDP
  258 00000012         SecureFault_Handler
                               PROC
  259 00000012                 EXPORT           SecureFault_Handler       [WEAK
]
  260 00000012 E7FE            B                .
  261 00000014                 ENDP
  263 00000014         SVC_Handler
                               PROC
  264 00000014                 EXPORT           SVC_Handler               [WEAK
]
  265 00000014 E7FE            B                .
  266 00000016                 ENDP
  268 00000016         DebugMon_Handler
                               PROC
  269 00000016                 EXPORT           DebugMon_Handler          [WEAK
]
  270 00000016 E7FE            B                .
  271 00000018                 ENDP
  273 00000018         PendSV_Handler
                               PROC
  274 00000018                 EXPORT           PendSV_Handler            [WEAK
]
  275 00000018 E7FE            B                .
  276 0000001A                 ENDP
  278 0000001A         SysTick_Handler



ARM Macro Assembler    Page 9 


                               PROC
  279 0000001A                 EXPORT           SysTick_Handler           [WEAK
]
  280 0000001A E7FE            B                .
  281 0000001C                 ENDP
  282 0000001C         
  283 0000001C         Default_Handler
                               PROC
  284 0000001C         
  285 0000001C                 EXPORT           WWDG_IRQHandler                
  [WEAK]
  286 0000001C                 EXPORT           PVD_AVD_IRQHandler             
  [WEAK]
  287 0000001C                 EXPORT           RTC_IRQHandler                 
  [WEAK]
  288 0000001C                 EXPORT           RTC_S_IRQHandler               
  [WEAK]
  289 0000001C                 EXPORT           TAMP_IRQHandler                
  [WEAK]
  290 0000001C                 EXPORT           RAMCFG_IRQHandler              
  [WEAK]
  291 0000001C                 EXPORT           FLASH_IRQHandler               
  [WEAK]
  292 0000001C                 EXPORT           FLASH_S_IRQHandler             
  [WEAK]
  293 0000001C                 EXPORT           GTZC_IRQHandler                
  [WEAK]
  294 0000001C                 EXPORT           RCC_IRQHandler                 
  [WEAK]
  295 0000001C                 EXPORT           RCC_S_IRQHandler               
  [WEAK]
  296 0000001C                 EXPORT           EXTI0_IRQHandler               
  [WEAK]
  297 0000001C                 EXPORT           EXTI1_IRQHandler               
  [WEAK]
  298 0000001C                 EXPORT           EXTI2_IRQHandler               
  [WEAK]
  299 0000001C                 EXPORT           EXTI3_IRQHandler               
  [WEAK]
  300 0000001C                 EXPORT           EXTI4_IRQHandler               
  [WEAK]
  301 0000001C                 EXPORT           EXTI5_IRQHandler               
  [WEAK]
  302 0000001C                 EXPORT           EXTI6_IRQHandler               
  [WEAK]
  303 0000001C                 EXPORT           EXTI7_IRQHandler               
  [WEAK]
  304 0000001C                 EXPORT           EXTI8_IRQHandler               
  [WEAK]
  305 0000001C                 EXPORT           EXTI9_IRQHandler               
  [WEAK]
  306 0000001C                 EXPORT           EXTI10_IRQHandler              
  [WEAK]
  307 0000001C                 EXPORT           EXTI11_IRQHandler              
  [WEAK]
  308 0000001C                 EXPORT           EXTI12_IRQHandler              
  [WEAK]
  309 0000001C                 EXPORT           EXTI13_IRQHandler              
  [WEAK]



ARM Macro Assembler    Page 10 


  310 0000001C                 EXPORT           EXTI14_IRQHandler              
  [WEAK]
  311 0000001C                 EXPORT           EXTI15_IRQHandler              
  [WEAK]
  312 0000001C                 EXPORT           GPDMA1_Channel0_IRQHandler     
  [WEAK]
  313 0000001C                 EXPORT           GPDMA1_Channel1_IRQHandler     
  [WEAK]
  314 0000001C                 EXPORT           GPDMA1_Channel2_IRQHandler     
  [WEAK]
  315 0000001C                 EXPORT           GPDMA1_Channel3_IRQHandler     
  [WEAK]
  316 0000001C                 EXPORT           GPDMA1_Channel4_IRQHandler     
  [WEAK]
  317 0000001C                 EXPORT           GPDMA1_Channel5_IRQHandler     
  [WEAK]
  318 0000001C                 EXPORT           GPDMA1_Channel6_IRQHandler     
  [WEAK]
  319 0000001C                 EXPORT           GPDMA1_Channel7_IRQHandler     
  [WEAK]
  320 0000001C                 EXPORT           IWDG_IRQHandler                
  [WEAK]
  321 0000001C                 EXPORT           ADC1_IRQHandler                
  [WEAK]
  322 0000001C                 EXPORT           DAC1_IRQHandler                
  [WEAK]
  323 0000001C                 EXPORT           FDCAN1_IT0_IRQHandler          
  [WEAK]
  324 0000001C                 EXPORT           FDCAN1_IT1_IRQHandler          
  [WEAK]
  325 0000001C                 EXPORT           TIM1_BRK_IRQHandler            
  [WEAK]
  326 0000001C                 EXPORT           TIM1_UP_IRQHandler             
  [WEAK]
  327 0000001C                 EXPORT           TIM1_TRG_COM_IRQHandler        
  [WEAK]
  328 0000001C                 EXPORT           TIM1_CC_IRQHandler             
  [WEAK]
  329 0000001C                 EXPORT           TIM2_IRQHandler                
  [WEAK]
  330 0000001C                 EXPORT           TIM3_IRQHandler                
  [WEAK]
  331 0000001C                 EXPORT           TIM4_IRQHandler                
  [WEAK]
  332 0000001C                 EXPORT           TIM5_IRQHandler                
  [WEAK]
  333 0000001C                 EXPORT           TIM6_IRQHandler                
  [WEAK]
  334 0000001C                 EXPORT           TIM7_IRQHandler                
  [WEAK]
  335 0000001C                 EXPORT           I2C1_EV_IRQHandler             
  [WEAK]
  336 0000001C                 EXPORT           I2C1_ER_IRQHandler             
  [WEAK]
  337 0000001C                 EXPORT           I2C2_EV_IRQHandler             
  [WEAK]
  338 0000001C                 EXPORT           I2C2_ER_IRQHandler             
  [WEAK]
  339 0000001C                 EXPORT           SPI1_IRQHandler                



ARM Macro Assembler    Page 11 


  [WEAK]
  340 0000001C                 EXPORT           SPI2_IRQHandler                
  [WEAK]
  341 0000001C                 EXPORT           SPI3_IRQHandler                
  [WEAK]
  342 0000001C                 EXPORT           USART1_IRQHandler              
  [WEAK]
  343 0000001C                 EXPORT           USART2_IRQHandler              
  [WEAK]
  344 0000001C                 EXPORT           USART3_IRQHandler              
  [WEAK]
  345 0000001C                 EXPORT           UART4_IRQHandler               
  [WEAK]
  346 0000001C                 EXPORT           UART5_IRQHandler               
  [WEAK]
  347 0000001C                 EXPORT           LPUART1_IRQHandler             
  [WEAK]
  348 0000001C                 EXPORT           LPTIM1_IRQHandler              
  [WEAK]
  349 0000001C                 EXPORT           TIM8_BRK_IRQHandler            
  [WEAK]
  350 0000001C                 EXPORT           TIM8_UP_IRQHandler             
  [WEAK]
  351 0000001C                 EXPORT           TIM8_TRG_COM_IRQHandler        
  [WEAK]
  352 0000001C                 EXPORT           TIM8_CC_IRQHandler             
  [WEAK]
  353 0000001C                 EXPORT           ADC2_IRQHandler                
  [WEAK]
  354 0000001C                 EXPORT           LPTIM2_IRQHandler              
  [WEAK]
  355 0000001C                 EXPORT           TIM15_IRQHandler               
  [WEAK]
  356 0000001C                 EXPORT           TIM16_IRQHandler               
  [WEAK]
  357 0000001C                 EXPORT           TIM17_IRQHandler               
  [WEAK]
  358 0000001C                 EXPORT           USB_DRD_FS_IRQHandler          
  [WEAK]
  359 0000001C                 EXPORT           CRS_IRQHandler                 
  [WEAK]
  360 0000001C                 EXPORT           UCPD1_IRQHandler               
  [WEAK]
  361 0000001C                 EXPORT           FMC_IRQHandler                 
  [WEAK]
  362 0000001C                 EXPORT           OCTOSPI1_IRQHandler            
  [WEAK]
  363 0000001C                 EXPORT           SDMMC1_IRQHandler              
  [WEAK]
  364 0000001C                 EXPORT           I2C3_EV_IRQHandler             
  [WEAK]
  365 0000001C                 EXPORT           I2C3_ER_IRQHandler             
  [WEAK]
  366 0000001C                 EXPORT           SPI4_IRQHandler                
  [WEAK]
  367 0000001C                 EXPORT           SPI5_IRQHandler                
  [WEAK]
  368 0000001C                 EXPORT           SPI6_IRQHandler                
  [WEAK]



ARM Macro Assembler    Page 12 


  369 0000001C                 EXPORT           USART6_IRQHandler              
  [WEAK]
  370 0000001C                 EXPORT           USART10_IRQHandler             
  [WEAK]
  371 0000001C                 EXPORT           USART11_IRQHandler             
  [WEAK]
  372 0000001C                 EXPORT           SAI1_IRQHandler                
  [WEAK]
  373 0000001C                 EXPORT           SAI2_IRQHandler                
  [WEAK]
  374 0000001C                 EXPORT           GPDMA2_Channel0_IRQHandler     
  [WEAK]
  375 0000001C                 EXPORT           GPDMA2_Channel1_IRQHandler     
  [WEAK]
  376 0000001C                 EXPORT           GPDMA2_Channel2_IRQHandler     
  [WEAK]
  377 0000001C                 EXPORT           GPDMA2_Channel3_IRQHandler     
  [WEAK]
  378 0000001C                 EXPORT           GPDMA2_Channel4_IRQHandler     
  [WEAK]
  379 0000001C                 EXPORT           GPDMA2_Channel5_IRQHandler     
  [WEAK]
  380 0000001C                 EXPORT           GPDMA2_Channel6_IRQHandler     
  [WEAK]
  381 0000001C                 EXPORT           GPDMA2_Channel7_IRQHandler     
  [WEAK]
  382 0000001C                 EXPORT           UART7_IRQHandler               
  [WEAK]
  383 0000001C                 EXPORT           UART8_IRQHandler               
  [WEAK]
  384 0000001C                 EXPORT           UART9_IRQHandler               
  [WEAK]
  385 0000001C                 EXPORT           UART12_IRQHandler              
  [WEAK]
  386 0000001C                 EXPORT           FPU_IRQHandler                 
  [WEAK]
  387 0000001C                 EXPORT           ICACHE_IRQHandler              
  [WEAK]
  388 0000001C                 EXPORT           DCACHE1_IRQHandler             
  [WEAK]
  389 0000001C                 EXPORT           DCMI_PSSI_IRQHandler           
  [WEAK]
  390 0000001C                 EXPORT           CORDIC_IRQHandler              
  [WEAK]
  391 0000001C                 EXPORT           FMAC_IRQHandler                
  [WEAK]
  392 0000001C                 EXPORT           DTS_IRQHandler                 
  [WEAK]
  393 0000001C                 EXPORT           RNG_IRQHandler                 
  [WEAK]
  394 0000001C                 EXPORT           HASH_IRQHandler                
  [WEAK]
  395 0000001C                 EXPORT           CEC_IRQHandler                 
  [WEAK]
  396 0000001C                 EXPORT           TIM12_IRQHandler               
  [WEAK]
  397 0000001C                 EXPORT           TIM13_IRQHandler               
  [WEAK]
  398 0000001C                 EXPORT           TIM14_IRQHandler               



ARM Macro Assembler    Page 13 


  [WEAK]
  399 0000001C                 EXPORT           I3C1_EV_IRQHandler             
  [WEAK]
  400 0000001C                 EXPORT           I3C1_ER_IRQHandler             
  [WEAK]
  401 0000001C                 EXPORT           I2C4_EV_IRQHandler             
  [WEAK]
  402 0000001C                 EXPORT           I2C4_ER_IRQHandler             
  [WEAK]
  403 0000001C                 EXPORT           LPTIM3_IRQHandler              
  [WEAK]
  404 0000001C                 EXPORT           LPTIM4_IRQHandler              
  [WEAK]
  405 0000001C                 EXPORT           LPTIM5_IRQHandler              
  [WEAK]
  406 0000001C                 EXPORT           LPTIM6_IRQHandler              
  [WEAK]
  407 0000001C         
  408 0000001C         WWDG_IRQHandler
  409 0000001C         PVD_AVD_IRQHandler
  410 0000001C         RTC_IRQHandler
  411 0000001C         RTC_S_IRQHandler
  412 0000001C         TAMP_IRQHandler
  413 0000001C         RAMCFG_IRQHandler
  414 0000001C         FLASH_IRQHandler
  415 0000001C         FLASH_S_IRQHandler
  416 0000001C         GTZC_IRQHandler
  417 0000001C         RCC_IRQHandler
  418 0000001C         RCC_S_IRQHandler
  419 0000001C         EXTI0_IRQHandler
  420 0000001C         EXTI1_IRQHandler
  421 0000001C         EXTI2_IRQHandler
  422 0000001C         EXTI3_IRQHandler
  423 0000001C         EXTI4_IRQHandler
  424 0000001C         EXTI5_IRQHandler
  425 0000001C         EXTI6_IRQHandler
  426 0000001C         EXTI7_IRQHandler
  427 0000001C         EXTI8_IRQHandler
  428 0000001C         EXTI9_IRQHandler
  429 0000001C         EXTI10_IRQHandler
  430 0000001C         EXTI11_IRQHandler
  431 0000001C         EXTI12_IRQHandler
  432 0000001C         EXTI13_IRQHandler
  433 0000001C         EXTI14_IRQHandler
  434 0000001C         EXTI15_IRQHandler
  435 0000001C         GPDMA1_Channel0_IRQHandler
  436 0000001C         GPDMA1_Channel1_IRQHandler
  437 0000001C         GPDMA1_Channel2_IRQHandler
  438 0000001C         GPDMA1_Channel3_IRQHandler
  439 0000001C         GPDMA1_Channel4_IRQHandler
  440 0000001C         GPDMA1_Channel5_IRQHandler
  441 0000001C         GPDMA1_Channel6_IRQHandler
  442 0000001C         GPDMA1_Channel7_IRQHandler
  443 0000001C         IWDG_IRQHandler
  444 0000001C         ADC1_IRQHandler
  445 0000001C         DAC1_IRQHandler
  446 0000001C         FDCAN1_IT0_IRQHandler
  447 0000001C         FDCAN1_IT1_IRQHandler
  448 0000001C         TIM1_BRK_IRQHandler



ARM Macro Assembler    Page 14 


  449 0000001C         TIM1_UP_IRQHandler
  450 0000001C         TIM1_TRG_COM_IRQHandler
  451 0000001C         TIM1_CC_IRQHandler
  452 0000001C         TIM2_IRQHandler
  453 0000001C         TIM3_IRQHandler
  454 0000001C         TIM4_IRQHandler
  455 0000001C         TIM5_IRQHandler
  456 0000001C         TIM6_IRQHandler
  457 0000001C         TIM7_IRQHandler
  458 0000001C         I2C1_EV_IRQHandler
  459 0000001C         I2C1_ER_IRQHandler
  460 0000001C         I2C2_EV_IRQHandler
  461 0000001C         I2C2_ER_IRQHandler
  462 0000001C         SPI1_IRQHandler
  463 0000001C         SPI2_IRQHandler
  464 0000001C         SPI3_IRQHandler
  465 0000001C         USART1_IRQHandler
  466 0000001C         USART2_IRQHandler
  467 0000001C         USART3_IRQHandler
  468 0000001C         UART4_IRQHandler
  469 0000001C         UART5_IRQHandler
  470 0000001C         LPUART1_IRQHandler
  471 0000001C         LPTIM1_IRQHandler
  472 0000001C         TIM8_BRK_IRQHandler
  473 0000001C         TIM8_UP_IRQHandler
  474 0000001C         TIM8_TRG_COM_IRQHandler
  475 0000001C         TIM8_CC_IRQHandler
  476 0000001C         ADC2_IRQHandler
  477 0000001C         LPTIM2_IRQHandler
  478 0000001C         TIM15_IRQHandler
  479 0000001C         TIM16_IRQHandler
  480 0000001C         TIM17_IRQHandler
  481 0000001C         USB_DRD_FS_IRQHandler
  482 0000001C         CRS_IRQHandler
  483 0000001C         UCPD1_IRQHandler
  484 0000001C         FMC_IRQHandler
  485 0000001C         OCTOSPI1_IRQHandler
  486 0000001C         SDMMC1_IRQHandler
  487 0000001C         I2C3_EV_IRQHandler
  488 0000001C         I2C3_ER_IRQHandler
  489 0000001C         SPI4_IRQHandler
  490 0000001C         SPI5_IRQHandler
  491 0000001C         SPI6_IRQHandler
  492 0000001C         USART6_IRQHandler
  493 0000001C         USART10_IRQHandler
  494 0000001C         USART11_IRQHandler
  495 0000001C         SAI1_IRQHandler
  496 0000001C         SAI2_IRQHandler
  497 0000001C         GPDMA2_Channel0_IRQHandler
  498 0000001C         GPDMA2_Channel1_IRQHandler
  499 0000001C         GPDMA2_Channel2_IRQHandler
  500 0000001C         GPDMA2_Channel3_IRQHandler
  501 0000001C         GPDMA2_Channel4_IRQHandler
  502 0000001C         GPDMA2_Channel5_IRQHandler
  503 0000001C         GPDMA2_Channel6_IRQHandler
  504 0000001C         GPDMA2_Channel7_IRQHandler
  505 0000001C         UART7_IRQHandler
  506 0000001C         UART8_IRQHandler
  507 0000001C         UART9_IRQHandler



ARM Macro Assembler    Page 15 


  508 0000001C         UART12_IRQHandler
  509 0000001C         FPU_IRQHandler
  510 0000001C         ICACHE_IRQHandler
  511 0000001C         DCACHE1_IRQHandler
  512 0000001C         DCMI_PSSI_IRQHandler
  513 0000001C         CORDIC_IRQHandler
  514 0000001C         FMAC_IRQHandler
  515 0000001C         DTS_IRQHandler
  516 0000001C         RNG_IRQHandler
  517 0000001C         HASH_IRQHandler
  518 0000001C         CEC_IRQHandler
  519 0000001C         TIM12_IRQHandler
  520 0000001C         TIM13_IRQHandler
  521 0000001C         TIM14_IRQHandler
  522 0000001C         I3C1_EV_IRQHandler
  523 0000001C         I3C1_ER_IRQHandler
  524 0000001C         I2C4_EV_IRQHandler
  525 0000001C         I2C4_ER_IRQHandler
  526 0000001C         LPTIM3_IRQHandler
  527 0000001C         LPTIM4_IRQHandler
  528 0000001C         LPTIM5_IRQHandler
  529 0000001C         LPTIM6_IRQHandler
  530 0000001C         
  531 0000001C E7FE            B                .
  532 0000001E         
  533 0000001E                 ENDP
  534 0000001E         
  535 0000001E 00 00           ALIGN
  536 00000020         
  537 00000020         ;*******************************************************
                       ************************
  538 00000020         ; User Stack and Heap initialization
  539 00000020         ;*******************************************************
                       ************************
  540 00000020                 IF               :DEF:__MICROLIB
  541 00000020         
  542 00000020                 EXPORT           __initial_sp
  543 00000020                 EXPORT           __heap_base
  544 00000020                 EXPORT           __heap_limit
  545 00000020         
  546 00000020                 ELSE
  561                          ENDIF
  562 00000020         
  563 00000020                 END
              00000000 
              00000000 
Command Line: --debug --xref --diag_suppress=9931,A1950W --cpu=Cortex-M33 --fpu
=FPv5-SP --depend=lcd_hardware\startup_stm32h562xx.d -olcd_hardware\startup_stm
32h562xx.o -I.\RTE\_LCD_Hardware -IC:\Apps\Keil543\Packs\ARM\CMSIS\6.2.0\CMSIS\
Core\Include --predefine="__MICROLIB SETA 1" --predefine="__UVISION_VERSION SET
A 543" --predefine="STM32H562xx SETA 1" --predefine="_RTE_ SETA 1" --list=start
up_stm32h562xx.lst startup_stm32h562xx.s



ARM Macro Assembler    Page 1 Alphabetic symbol ordering
Relocatable symbols

STACK 00000000

Symbol: STACK
   Definitions
      At line 34 in file startup_stm32h562xx.s
   Uses
      None
Comment: STACK unused
Stack_Mem 00000000

Symbol: Stack_Mem
   Definitions
      At line 35 in file startup_stm32h562xx.s
   Uses
      None
Comment: Stack_Mem unused
__initial_sp 00000400

Symbol: __initial_sp
   Definitions
      At line 36 in file startup_stm32h562xx.s
   Uses
      At line 60 in file startup_stm32h562xx.s
      At line 542 in file startup_stm32h562xx.s

3 symbols



ARM Macro Assembler    Page 1 Alphabetic symbol ordering
Relocatable symbols

HEAP 00000000

Symbol: HEAP
   Definitions
      At line 45 in file startup_stm32h562xx.s
   Uses
      None
Comment: HEAP unused
Heap_Mem 00000000

Symbol: Heap_Mem
   Definitions
      At line 47 in file startup_stm32h562xx.s
   Uses
      None
Comment: Heap_Mem unused
__heap_base 00000000

Symbol: __heap_base
   Definitions
      At line 46 in file startup_stm32h562xx.s
   Uses
      At line 543 in file startup_stm32h562xx.s
Comment: __heap_base used once
__heap_limit 00000200

Symbol: __heap_limit
   Definitions
      At line 48 in file startup_stm32h562xx.s
   Uses
      At line 544 in file startup_stm32h562xx.s
Comment: __heap_limit used once
4 symbols



ARM Macro Assembler    Page 1 Alphabetic symbol ordering
Relocatable symbols

RESET 00000000

Symbol: RESET
   Definitions
      At line 55 in file startup_stm32h562xx.s
   Uses
      None
Comment: RESET unused
__Vectors 00000000

Symbol: __Vectors
   Definitions
      At line 60 in file startup_stm32h562xx.s
   Uses
      At line 56 in file startup_stm32h562xx.s
      At line 212 in file startup_stm32h562xx.s

__Vectors_End 0000024C

Symbol: __Vectors_End
   Definitions
      At line 210 in file startup_stm32h562xx.s
   Uses
      At line 57 in file startup_stm32h562xx.s
      At line 212 in file startup_stm32h562xx.s

3 symbols



ARM Macro Assembler    Page 1 Alphabetic symbol ordering
Relocatable symbols

.text 00000000

Symbol: .text
   Definitions
      At line 214 in file startup_stm32h562xx.s
   Uses
      None
Comment: .text unused
ADC1_IRQHandler 0000001C

Symbol: ADC1_IRQHandler
   Definitions
      At line 444 in file startup_stm32h562xx.s
   Uses
      At line 114 in file startup_stm32h562xx.s
      At line 321 in file startup_stm32h562xx.s

ADC2_IRQHandler 0000001C

Symbol: ADC2_IRQHandler
   Definitions
      At line 476 in file startup_stm32h562xx.s
   Uses
      At line 146 in file startup_stm32h562xx.s
      At line 353 in file startup_stm32h562xx.s

BusFault_Handler 0000000E

Symbol: BusFault_Handler
   Definitions
      At line 248 in file startup_stm32h562xx.s
   Uses
      At line 65 in file startup_stm32h562xx.s
      At line 249 in file startup_stm32h562xx.s

CEC_IRQHandler 0000001C

Symbol: CEC_IRQHandler
   Definitions
      At line 518 in file startup_stm32h562xx.s
   Uses
      At line 196 in file startup_stm32h562xx.s
      At line 395 in file startup_stm32h562xx.s

CORDIC_IRQHandler 0000001C

Symbol: CORDIC_IRQHandler
   Definitions
      At line 513 in file startup_stm32h562xx.s
   Uses
      At line 188 in file startup_stm32h562xx.s
      At line 390 in file startup_stm32h562xx.s

CRS_IRQHandler 0000001C

Symbol: CRS_IRQHandler
   Definitions
      At line 482 in file startup_stm32h562xx.s
   Uses



ARM Macro Assembler    Page 2 Alphabetic symbol ordering
Relocatable symbols

      At line 152 in file startup_stm32h562xx.s
      At line 359 in file startup_stm32h562xx.s

DAC1_IRQHandler 0000001C

Symbol: DAC1_IRQHandler
   Definitions
      At line 445 in file startup_stm32h562xx.s
   Uses
      At line 115 in file startup_stm32h562xx.s
      At line 322 in file startup_stm32h562xx.s

DCACHE1_IRQHandler 0000001C

Symbol: DCACHE1_IRQHandler
   Definitions
      At line 511 in file startup_stm32h562xx.s
   Uses
      At line 182 in file startup_stm32h562xx.s
      At line 388 in file startup_stm32h562xx.s

DCMI_PSSI_IRQHandler 0000001C

Symbol: DCMI_PSSI_IRQHandler
   Definitions
      At line 512 in file startup_stm32h562xx.s
   Uses
      At line 185 in file startup_stm32h562xx.s
      At line 389 in file startup_stm32h562xx.s

DTS_IRQHandler 0000001C

Symbol: DTS_IRQHandler
   Definitions
      At line 515 in file startup_stm32h562xx.s
   Uses
      At line 190 in file startup_stm32h562xx.s
      At line 392 in file startup_stm32h562xx.s

DebugMon_Handler 00000016

Symbol: DebugMon_Handler
   Definitions
      At line 268 in file startup_stm32h562xx.s
   Uses
      At line 72 in file startup_stm32h562xx.s
      At line 269 in file startup_stm32h562xx.s

Default_Handler 0000001C

Symbol: Default_Handler
   Definitions
      At line 283 in file startup_stm32h562xx.s
   Uses
      None
Comment: Default_Handler unused
EXTI0_IRQHandler 0000001C

Symbol: EXTI0_IRQHandler



ARM Macro Assembler    Page 3 Alphabetic symbol ordering
Relocatable symbols

   Definitions
      At line 419 in file startup_stm32h562xx.s
   Uses
      At line 88 in file startup_stm32h562xx.s
      At line 296 in file startup_stm32h562xx.s

EXTI10_IRQHandler 0000001C

Symbol: EXTI10_IRQHandler
   Definitions
      At line 429 in file startup_stm32h562xx.s
   Uses
      At line 98 in file startup_stm32h562xx.s
      At line 306 in file startup_stm32h562xx.s

EXTI11_IRQHandler 0000001C

Symbol: EXTI11_IRQHandler
   Definitions
      At line 430 in file startup_stm32h562xx.s
   Uses
      At line 99 in file startup_stm32h562xx.s
      At line 307 in file startup_stm32h562xx.s

EXTI12_IRQHandler 0000001C

Symbol: EXTI12_IRQHandler
   Definitions
      At line 431 in file startup_stm32h562xx.s
   Uses
      At line 100 in file startup_stm32h562xx.s
      At line 308 in file startup_stm32h562xx.s

EXTI13_IRQHandler 0000001C

Symbol: EXTI13_IRQHandler
   Definitions
      At line 432 in file startup_stm32h562xx.s
   Uses
      At line 101 in file startup_stm32h562xx.s
      At line 309 in file startup_stm32h562xx.s

EXTI14_IRQHandler 0000001C

Symbol: EXTI14_IRQHandler
   Definitions
      At line 433 in file startup_stm32h562xx.s
   Uses
      At line 102 in file startup_stm32h562xx.s
      At line 310 in file startup_stm32h562xx.s

EXTI15_IRQHandler 0000001C

Symbol: EXTI15_IRQHandler
   Definitions
      At line 434 in file startup_stm32h562xx.s
   Uses
      At line 103 in file startup_stm32h562xx.s
      At line 311 in file startup_stm32h562xx.s



ARM Macro Assembler    Page 4 Alphabetic symbol ordering
Relocatable symbols


EXTI1_IRQHandler 0000001C

Symbol: EXTI1_IRQHandler
   Definitions
      At line 420 in file startup_stm32h562xx.s
   Uses
      At line 89 in file startup_stm32h562xx.s
      At line 297 in file startup_stm32h562xx.s

EXTI2_IRQHandler 0000001C

Symbol: EXTI2_IRQHandler
   Definitions
      At line 421 in file startup_stm32h562xx.s
   Uses
      At line 90 in file startup_stm32h562xx.s
      At line 298 in file startup_stm32h562xx.s

EXTI3_IRQHandler 0000001C

Symbol: EXTI3_IRQHandler
   Definitions
      At line 422 in file startup_stm32h562xx.s
   Uses
      At line 91 in file startup_stm32h562xx.s
      At line 299 in file startup_stm32h562xx.s

EXTI4_IRQHandler 0000001C

Symbol: EXTI4_IRQHandler
   Definitions
      At line 423 in file startup_stm32h562xx.s
   Uses
      At line 92 in file startup_stm32h562xx.s
      At line 300 in file startup_stm32h562xx.s

EXTI5_IRQHandler 0000001C

Symbol: EXTI5_IRQHandler
   Definitions
      At line 424 in file startup_stm32h562xx.s
   Uses
      At line 93 in file startup_stm32h562xx.s
      At line 301 in file startup_stm32h562xx.s

EXTI6_IRQHandler 0000001C

Symbol: EXTI6_IRQHandler
   Definitions
      At line 425 in file startup_stm32h562xx.s
   Uses
      At line 94 in file startup_stm32h562xx.s
      At line 302 in file startup_stm32h562xx.s

EXTI7_IRQHandler 0000001C

Symbol: EXTI7_IRQHandler
   Definitions



ARM Macro Assembler    Page 5 Alphabetic symbol ordering
Relocatable symbols

      At line 426 in file startup_stm32h562xx.s
   Uses
      At line 95 in file startup_stm32h562xx.s
      At line 303 in file startup_stm32h562xx.s

EXTI8_IRQHandler 0000001C

Symbol: EXTI8_IRQHandler
   Definitions
      At line 427 in file startup_stm32h562xx.s
   Uses
      At line 96 in file startup_stm32h562xx.s
      At line 304 in file startup_stm32h562xx.s

EXTI9_IRQHandler 0000001C

Symbol: EXTI9_IRQHandler
   Definitions
      At line 428 in file startup_stm32h562xx.s
   Uses
      At line 97 in file startup_stm32h562xx.s
      At line 305 in file startup_stm32h562xx.s

FDCAN1_IT0_IRQHandler 0000001C

Symbol: FDCAN1_IT0_IRQHandler
   Definitions
      At line 446 in file startup_stm32h562xx.s
   Uses
      At line 116 in file startup_stm32h562xx.s
      At line 323 in file startup_stm32h562xx.s

FDCAN1_IT1_IRQHandler 0000001C

Symbol: FDCAN1_IT1_IRQHandler
   Definitions
      At line 447 in file startup_stm32h562xx.s
   Uses
      At line 117 in file startup_stm32h562xx.s
      At line 324 in file startup_stm32h562xx.s

FLASH_IRQHandler 0000001C

Symbol: FLASH_IRQHandler
   Definitions
      At line 414 in file startup_stm32h562xx.s
   Uses
      At line 83 in file startup_stm32h562xx.s
      At line 291 in file startup_stm32h562xx.s

FLASH_S_IRQHandler 0000001C

Symbol: FLASH_S_IRQHandler
   Definitions
      At line 415 in file startup_stm32h562xx.s
   Uses
      At line 84 in file startup_stm32h562xx.s
      At line 292 in file startup_stm32h562xx.s




ARM Macro Assembler    Page 6 Alphabetic symbol ordering
Relocatable symbols

FMAC_IRQHandler 0000001C

Symbol: FMAC_IRQHandler
   Definitions
      At line 514 in file startup_stm32h562xx.s
   Uses
      At line 189 in file startup_stm32h562xx.s
      At line 391 in file startup_stm32h562xx.s

FMC_IRQHandler 0000001C

Symbol: FMC_IRQHandler
   Definitions
      At line 484 in file startup_stm32h562xx.s
   Uses
      At line 154 in file startup_stm32h562xx.s
      At line 361 in file startup_stm32h562xx.s

FPU_IRQHandler 0000001C

Symbol: FPU_IRQHandler
   Definitions
      At line 509 in file startup_stm32h562xx.s
   Uses
      At line 180 in file startup_stm32h562xx.s
      At line 386 in file startup_stm32h562xx.s

GPDMA1_Channel0_IRQHandler 0000001C

Symbol: GPDMA1_Channel0_IRQHandler
   Definitions
      At line 435 in file startup_stm32h562xx.s
   Uses
      At line 104 in file startup_stm32h562xx.s
      At line 312 in file startup_stm32h562xx.s

GPDMA1_Channel1_IRQHandler 0000001C

Symbol: GPDMA1_Channel1_IRQHandler
   Definitions
      At line 436 in file startup_stm32h562xx.s
   Uses
      At line 105 in file startup_stm32h562xx.s
      At line 313 in file startup_stm32h562xx.s

GPDMA1_Channel2_IRQHandler 0000001C

Symbol: GPDMA1_Channel2_IRQHandler
   Definitions
      At line 437 in file startup_stm32h562xx.s
   Uses
      At line 106 in file startup_stm32h562xx.s
      At line 314 in file startup_stm32h562xx.s

GPDMA1_Channel3_IRQHandler 0000001C

Symbol: GPDMA1_Channel3_IRQHandler
   Definitions
      At line 438 in file startup_stm32h562xx.s



ARM Macro Assembler    Page 7 Alphabetic symbol ordering
Relocatable symbols

   Uses
      At line 107 in file startup_stm32h562xx.s
      At line 315 in file startup_stm32h562xx.s

GPDMA1_Channel4_IRQHandler 0000001C

Symbol: GPDMA1_Channel4_IRQHandler
   Definitions
      At line 439 in file startup_stm32h562xx.s
   Uses
      At line 108 in file startup_stm32h562xx.s
      At line 316 in file startup_stm32h562xx.s

GPDMA1_Channel5_IRQHandler 0000001C

Symbol: GPDMA1_Channel5_IRQHandler
   Definitions
      At line 440 in file startup_stm32h562xx.s
   Uses
      At line 109 in file startup_stm32h562xx.s
      At line 317 in file startup_stm32h562xx.s

GPDMA1_Channel6_IRQHandler 0000001C

Symbol: GPDMA1_Channel6_IRQHandler
   Definitions
      At line 441 in file startup_stm32h562xx.s
   Uses
      At line 110 in file startup_stm32h562xx.s
      At line 318 in file startup_stm32h562xx.s

GPDMA1_Channel7_IRQHandler 0000001C

Symbol: GPDMA1_Channel7_IRQHandler
   Definitions
      At line 442 in file startup_stm32h562xx.s
   Uses
      At line 111 in file startup_stm32h562xx.s
      At line 319 in file startup_stm32h562xx.s

GPDMA2_Channel0_IRQHandler 0000001C

Symbol: GPDMA2_Channel0_IRQHandler
   Definitions
      At line 497 in file startup_stm32h562xx.s
   Uses
      At line 167 in file startup_stm32h562xx.s
      At line 374 in file startup_stm32h562xx.s

GPDMA2_Channel1_IRQHandler 0000001C

Symbol: GPDMA2_Channel1_IRQHandler
   Definitions
      At line 498 in file startup_stm32h562xx.s
   Uses
      At line 168 in file startup_stm32h562xx.s
      At line 375 in file startup_stm32h562xx.s

GPDMA2_Channel2_IRQHandler 0000001C



ARM Macro Assembler    Page 8 Alphabetic symbol ordering
Relocatable symbols


Symbol: GPDMA2_Channel2_IRQHandler
   Definitions
      At line 499 in file startup_stm32h562xx.s
   Uses
      At line 169 in file startup_stm32h562xx.s
      At line 376 in file startup_stm32h562xx.s

GPDMA2_Channel3_IRQHandler 0000001C

Symbol: GPDMA2_Channel3_IRQHandler
   Definitions
      At line 500 in file startup_stm32h562xx.s
   Uses
      At line 170 in file startup_stm32h562xx.s
      At line 377 in file startup_stm32h562xx.s

GPDMA2_Channel4_IRQHandler 0000001C

Symbol: GPDMA2_Channel4_IRQHandler
   Definitions
      At line 501 in file startup_stm32h562xx.s
   Uses
      At line 171 in file startup_stm32h562xx.s
      At line 378 in file startup_stm32h562xx.s

GPDMA2_Channel5_IRQHandler 0000001C

Symbol: GPDMA2_Channel5_IRQHandler
   Definitions
      At line 502 in file startup_stm32h562xx.s
   Uses
      At line 172 in file startup_stm32h562xx.s
      At line 379 in file startup_stm32h562xx.s

GPDMA2_Channel6_IRQHandler 0000001C

Symbol: GPDMA2_Channel6_IRQHandler
   Definitions
      At line 503 in file startup_stm32h562xx.s
   Uses
      At line 173 in file startup_stm32h562xx.s
      At line 380 in file startup_stm32h562xx.s

GPDMA2_Channel7_IRQHandler 0000001C

Symbol: GPDMA2_Channel7_IRQHandler
   Definitions
      At line 504 in file startup_stm32h562xx.s
   Uses
      At line 174 in file startup_stm32h562xx.s
      At line 381 in file startup_stm32h562xx.s

GTZC_IRQHandler 0000001C

Symbol: GTZC_IRQHandler
   Definitions
      At line 416 in file startup_stm32h562xx.s
   Uses



ARM Macro Assembler    Page 9 Alphabetic symbol ordering
Relocatable symbols

      At line 85 in file startup_stm32h562xx.s
      At line 293 in file startup_stm32h562xx.s

HASH_IRQHandler 0000001C

Symbol: HASH_IRQHandler
   Definitions
      At line 517 in file startup_stm32h562xx.s
   Uses
      At line 194 in file startup_stm32h562xx.s
      At line 394 in file startup_stm32h562xx.s

HardFault_Handler 0000000A

Symbol: HardFault_Handler
   Definitions
      At line 238 in file startup_stm32h562xx.s
   Uses
      At line 63 in file startup_stm32h562xx.s
      At line 239 in file startup_stm32h562xx.s

I2C1_ER_IRQHandler 0000001C

Symbol: I2C1_ER_IRQHandler
   Definitions
      At line 459 in file startup_stm32h562xx.s
   Uses
      At line 129 in file startup_stm32h562xx.s
      At line 336 in file startup_stm32h562xx.s

I2C1_EV_IRQHandler 0000001C

Symbol: I2C1_EV_IRQHandler
   Definitions
      At line 458 in file startup_stm32h562xx.s
   Uses
      At line 128 in file startup_stm32h562xx.s
      At line 335 in file startup_stm32h562xx.s

I2C2_ER_IRQHandler 0000001C

Symbol: I2C2_ER_IRQHandler
   Definitions
      At line 461 in file startup_stm32h562xx.s
   Uses
      At line 131 in file startup_stm32h562xx.s
      At line 338 in file startup_stm32h562xx.s

I2C2_EV_IRQHandler 0000001C

Symbol: I2C2_EV_IRQHandler
   Definitions
      At line 460 in file startup_stm32h562xx.s
   Uses
      At line 130 in file startup_stm32h562xx.s
      At line 337 in file startup_stm32h562xx.s

I2C3_ER_IRQHandler 0000001C




ARM Macro Assembler    Page 10 Alphabetic symbol ordering
Relocatable symbols

Symbol: I2C3_ER_IRQHandler
   Definitions
      At line 488 in file startup_stm32h562xx.s
   Uses
      At line 158 in file startup_stm32h562xx.s
      At line 365 in file startup_stm32h562xx.s

I2C3_EV_IRQHandler 0000001C

Symbol: I2C3_EV_IRQHandler
   Definitions
      At line 487 in file startup_stm32h562xx.s
   Uses
      At line 157 in file startup_stm32h562xx.s
      At line 364 in file startup_stm32h562xx.s

I2C4_ER_IRQHandler 0000001C

Symbol: I2C4_ER_IRQHandler
   Definitions
      At line 525 in file startup_stm32h562xx.s
   Uses
      At line 203 in file startup_stm32h562xx.s
      At line 402 in file startup_stm32h562xx.s

I2C4_EV_IRQHandler 0000001C

Symbol: I2C4_EV_IRQHandler
   Definitions
      At line 524 in file startup_stm32h562xx.s
   Uses
      At line 202 in file startup_stm32h562xx.s
      At line 401 in file startup_stm32h562xx.s

I3C1_ER_IRQHandler 0000001C

Symbol: I3C1_ER_IRQHandler
   Definitions
      At line 523 in file startup_stm32h562xx.s
   Uses
      At line 201 in file startup_stm32h562xx.s
      At line 400 in file startup_stm32h562xx.s

I3C1_EV_IRQHandler 0000001C

Symbol: I3C1_EV_IRQHandler
   Definitions
      At line 522 in file startup_stm32h562xx.s
   Uses
      At line 200 in file startup_stm32h562xx.s
      At line 399 in file startup_stm32h562xx.s

ICACHE_IRQHandler 0000001C

Symbol: ICACHE_IRQHandler
   Definitions
      At line 510 in file startup_stm32h562xx.s
   Uses
      At line 181 in file startup_stm32h562xx.s



ARM Macro Assembler    Page 11 Alphabetic symbol ordering
Relocatable symbols

      At line 387 in file startup_stm32h562xx.s

IWDG_IRQHandler 0000001C

Symbol: IWDG_IRQHandler
   Definitions
      At line 443 in file startup_stm32h562xx.s
   Uses
      At line 112 in file startup_stm32h562xx.s
      At line 320 in file startup_stm32h562xx.s

LPTIM1_IRQHandler 0000001C

Symbol: LPTIM1_IRQHandler
   Definitions
      At line 471 in file startup_stm32h562xx.s
   Uses
      At line 141 in file startup_stm32h562xx.s
      At line 348 in file startup_stm32h562xx.s

LPTIM2_IRQHandler 0000001C

Symbol: LPTIM2_IRQHandler
   Definitions
      At line 477 in file startup_stm32h562xx.s
   Uses
      At line 147 in file startup_stm32h562xx.s
      At line 354 in file startup_stm32h562xx.s

LPTIM3_IRQHandler 0000001C

Symbol: LPTIM3_IRQHandler
   Definitions
      At line 526 in file startup_stm32h562xx.s
   Uses
      At line 204 in file startup_stm32h562xx.s
      At line 403 in file startup_stm32h562xx.s

LPTIM4_IRQHandler 0000001C

Symbol: LPTIM4_IRQHandler
   Definitions
      At line 527 in file startup_stm32h562xx.s
   Uses
      At line 205 in file startup_stm32h562xx.s
      At line 404 in file startup_stm32h562xx.s

LPTIM5_IRQHandler 0000001C

Symbol: LPTIM5_IRQHandler
   Definitions
      At line 528 in file startup_stm32h562xx.s
   Uses
      At line 206 in file startup_stm32h562xx.s
      At line 405 in file startup_stm32h562xx.s

LPTIM6_IRQHandler 0000001C

Symbol: LPTIM6_IRQHandler



ARM Macro Assembler    Page 12 Alphabetic symbol ordering
Relocatable symbols

   Definitions
      At line 529 in file startup_stm32h562xx.s
   Uses
      At line 207 in file startup_stm32h562xx.s
      At line 406 in file startup_stm32h562xx.s

LPUART1_IRQHandler 0000001C

Symbol: LPUART1_IRQHandler
   Definitions
      At line 470 in file startup_stm32h562xx.s
   Uses
      At line 140 in file startup_stm32h562xx.s
      At line 347 in file startup_stm32h562xx.s

MemManage_Handler 0000000C

Symbol: MemManage_Handler
   Definitions
      At line 243 in file startup_stm32h562xx.s
   Uses
      At line 64 in file startup_stm32h562xx.s
      At line 244 in file startup_stm32h562xx.s

NMI_Handler 00000008

Symbol: NMI_Handler
   Definitions
      At line 233 in file startup_stm32h562xx.s
   Uses
      At line 62 in file startup_stm32h562xx.s
      At line 234 in file startup_stm32h562xx.s

OCTOSPI1_IRQHandler 0000001C

Symbol: OCTOSPI1_IRQHandler
   Definitions
      At line 485 in file startup_stm32h562xx.s
   Uses
      At line 155 in file startup_stm32h562xx.s
      At line 362 in file startup_stm32h562xx.s

PVD_AVD_IRQHandler 0000001C

Symbol: PVD_AVD_IRQHandler
   Definitions
      At line 409 in file startup_stm32h562xx.s
   Uses
      At line 78 in file startup_stm32h562xx.s
      At line 286 in file startup_stm32h562xx.s

PendSV_Handler 00000018

Symbol: PendSV_Handler
   Definitions
      At line 273 in file startup_stm32h562xx.s
   Uses
      At line 74 in file startup_stm32h562xx.s
      At line 274 in file startup_stm32h562xx.s



ARM Macro Assembler    Page 13 Alphabetic symbol ordering
Relocatable symbols


RAMCFG_IRQHandler 0000001C

Symbol: RAMCFG_IRQHandler
   Definitions
      At line 413 in file startup_stm32h562xx.s
   Uses
      At line 82 in file startup_stm32h562xx.s
      At line 290 in file startup_stm32h562xx.s

RCC_IRQHandler 0000001C

Symbol: RCC_IRQHandler
   Definitions
      At line 417 in file startup_stm32h562xx.s
   Uses
      At line 86 in file startup_stm32h562xx.s
      At line 294 in file startup_stm32h562xx.s

RCC_S_IRQHandler 0000001C

Symbol: RCC_S_IRQHandler
   Definitions
      At line 418 in file startup_stm32h562xx.s
   Uses
      At line 87 in file startup_stm32h562xx.s
      At line 295 in file startup_stm32h562xx.s

RNG_IRQHandler 0000001C

Symbol: RNG_IRQHandler
   Definitions
      At line 516 in file startup_stm32h562xx.s
   Uses
      At line 191 in file startup_stm32h562xx.s
      At line 393 in file startup_stm32h562xx.s

RTC_IRQHandler 0000001C

Symbol: RTC_IRQHandler
   Definitions
      At line 410 in file startup_stm32h562xx.s
   Uses
      At line 79 in file startup_stm32h562xx.s
      At line 287 in file startup_stm32h562xx.s

RTC_S_IRQHandler 0000001C

Symbol: RTC_S_IRQHandler
   Definitions
      At line 411 in file startup_stm32h562xx.s
   Uses
      At line 80 in file startup_stm32h562xx.s
      At line 288 in file startup_stm32h562xx.s

Reset_Handler 00000000

Symbol: Reset_Handler
   Definitions



ARM Macro Assembler    Page 14 Alphabetic symbol ordering
Relocatable symbols

      At line 219 in file startup_stm32h562xx.s
   Uses
      At line 61 in file startup_stm32h562xx.s
      At line 220 in file startup_stm32h562xx.s

SAI1_IRQHandler 0000001C

Symbol: SAI1_IRQHandler
   Definitions
      At line 495 in file startup_stm32h562xx.s
   Uses
      At line 165 in file startup_stm32h562xx.s
      At line 372 in file startup_stm32h562xx.s

SAI2_IRQHandler 0000001C

Symbol: SAI2_IRQHandler
   Definitions
      At line 496 in file startup_stm32h562xx.s
   Uses
      At line 166 in file startup_stm32h562xx.s
      At line 373 in file startup_stm32h562xx.s

SDMMC1_IRQHandler 0000001C

Symbol: SDMMC1_IRQHandler
   Definitions
      At line 486 in file startup_stm32h562xx.s
   Uses
      At line 156 in file startup_stm32h562xx.s
      At line 363 in file startup_stm32h562xx.s

SPI1_IRQHandler 0000001C

Symbol: SPI1_IRQHandler
   Definitions
      At line 462 in file startup_stm32h562xx.s
   Uses
      At line 132 in file startup_stm32h562xx.s
      At line 339 in file startup_stm32h562xx.s

SPI2_IRQHandler 0000001C

Symbol: SPI2_IRQHandler
   Definitions
      At line 463 in file startup_stm32h562xx.s
   Uses
      At line 133 in file startup_stm32h562xx.s
      At line 340 in file startup_stm32h562xx.s

SPI3_IRQHandler 0000001C

Symbol: SPI3_IRQHandler
   Definitions
      At line 464 in file startup_stm32h562xx.s
   Uses
      At line 134 in file startup_stm32h562xx.s
      At line 341 in file startup_stm32h562xx.s




ARM Macro Assembler    Page 15 Alphabetic symbol ordering
Relocatable symbols

SPI4_IRQHandler 0000001C

Symbol: SPI4_IRQHandler
   Definitions
      At line 489 in file startup_stm32h562xx.s
   Uses
      At line 159 in file startup_stm32h562xx.s
      At line 366 in file startup_stm32h562xx.s

SPI5_IRQHandler 0000001C

Symbol: SPI5_IRQHandler
   Definitions
      At line 490 in file startup_stm32h562xx.s
   Uses
      At line 160 in file startup_stm32h562xx.s
      At line 367 in file startup_stm32h562xx.s

SPI6_IRQHandler 0000001C

Symbol: SPI6_IRQHandler
   Definitions
      At line 491 in file startup_stm32h562xx.s
   Uses
      At line 161 in file startup_stm32h562xx.s
      At line 368 in file startup_stm32h562xx.s

SVC_Handler 00000014

Symbol: SVC_Handler
   Definitions
      At line 263 in file startup_stm32h562xx.s
   Uses
      At line 71 in file startup_stm32h562xx.s
      At line 264 in file startup_stm32h562xx.s

SecureFault_Handler 00000012

Symbol: SecureFault_Handler
   Definitions
      At line 258 in file startup_stm32h562xx.s
   Uses
      At line 67 in file startup_stm32h562xx.s
      At line 259 in file startup_stm32h562xx.s

SysTick_Handler 0000001A

Symbol: SysTick_Handler
   Definitions
      At line 278 in file startup_stm32h562xx.s
   Uses
      At line 75 in file startup_stm32h562xx.s
      At line 279 in file startup_stm32h562xx.s

TAMP_IRQHandler 0000001C

Symbol: TAMP_IRQHandler
   Definitions
      At line 412 in file startup_stm32h562xx.s



ARM Macro Assembler    Page 16 Alphabetic symbol ordering
Relocatable symbols

   Uses
      At line 81 in file startup_stm32h562xx.s
      At line 289 in file startup_stm32h562xx.s

TIM12_IRQHandler 0000001C

Symbol: TIM12_IRQHandler
   Definitions
      At line 519 in file startup_stm32h562xx.s
   Uses
      At line 197 in file startup_stm32h562xx.s
      At line 396 in file startup_stm32h562xx.s

TIM13_IRQHandler 0000001C

Symbol: TIM13_IRQHandler
   Definitions
      At line 520 in file startup_stm32h562xx.s
   Uses
      At line 198 in file startup_stm32h562xx.s
      At line 397 in file startup_stm32h562xx.s

TIM14_IRQHandler 0000001C

Symbol: TIM14_IRQHandler
   Definitions
      At line 521 in file startup_stm32h562xx.s
   Uses
      At line 199 in file startup_stm32h562xx.s
      At line 398 in file startup_stm32h562xx.s

TIM15_IRQHandler 0000001C

Symbol: TIM15_IRQHandler
   Definitions
      At line 478 in file startup_stm32h562xx.s
   Uses
      At line 148 in file startup_stm32h562xx.s
      At line 355 in file startup_stm32h562xx.s

TIM16_IRQHandler 0000001C

Symbol: TIM16_IRQHandler
   Definitions
      At line 479 in file startup_stm32h562xx.s
   Uses
      At line 149 in file startup_stm32h562xx.s
      At line 356 in file startup_stm32h562xx.s

TIM17_IRQHandler 0000001C

Symbol: TIM17_IRQHandler
   Definitions
      At line 480 in file startup_stm32h562xx.s
   Uses
      At line 150 in file startup_stm32h562xx.s
      At line 357 in file startup_stm32h562xx.s

TIM1_BRK_IRQHandler 0000001C



ARM Macro Assembler    Page 17 Alphabetic symbol ordering
Relocatable symbols


Symbol: TIM1_BRK_IRQHandler
   Definitions
      At line 448 in file startup_stm32h562xx.s
   Uses
      At line 118 in file startup_stm32h562xx.s
      At line 325 in file startup_stm32h562xx.s

TIM1_CC_IRQHandler 0000001C

Symbol: TIM1_CC_IRQHandler
   Definitions
      At line 451 in file startup_stm32h562xx.s
   Uses
      At line 121 in file startup_stm32h562xx.s
      At line 328 in file startup_stm32h562xx.s

TIM1_TRG_COM_IRQHandler 0000001C

Symbol: TIM1_TRG_COM_IRQHandler
   Definitions
      At line 450 in file startup_stm32h562xx.s
   Uses
      At line 120 in file startup_stm32h562xx.s
      At line 327 in file startup_stm32h562xx.s

TIM1_UP_IRQHandler 0000001C

Symbol: TIM1_UP_IRQHandler
   Definitions
      At line 449 in file startup_stm32h562xx.s
   Uses
      At line 119 in file startup_stm32h562xx.s
      At line 326 in file startup_stm32h562xx.s

TIM2_IRQHandler 0000001C

Symbol: TIM2_IRQHandler
   Definitions
      At line 452 in file startup_stm32h562xx.s
   Uses
      At line 122 in file startup_stm32h562xx.s
      At line 329 in file startup_stm32h562xx.s

TIM3_IRQHandler 0000001C

Symbol: TIM3_IRQHandler
   Definitions
      At line 453 in file startup_stm32h562xx.s
   Uses
      At line 123 in file startup_stm32h562xx.s
      At line 330 in file startup_stm32h562xx.s

TIM4_IRQHandler 0000001C

Symbol: TIM4_IRQHandler
   Definitions
      At line 454 in file startup_stm32h562xx.s
   Uses



ARM Macro Assembler    Page 18 Alphabetic symbol ordering
Relocatable symbols

      At line 124 in file startup_stm32h562xx.s
      At line 331 in file startup_stm32h562xx.s

TIM5_IRQHandler 0000001C

Symbol: TIM5_IRQHandler
   Definitions
      At line 455 in file startup_stm32h562xx.s
   Uses
      At line 125 in file startup_stm32h562xx.s
      At line 332 in file startup_stm32h562xx.s

TIM6_IRQHandler 0000001C

Symbol: TIM6_IRQHandler
   Definitions
      At line 456 in file startup_stm32h562xx.s
   Uses
      At line 126 in file startup_stm32h562xx.s
      At line 333 in file startup_stm32h562xx.s

TIM7_IRQHandler 0000001C

Symbol: TIM7_IRQHandler
   Definitions
      At line 457 in file startup_stm32h562xx.s
   Uses
      At line 127 in file startup_stm32h562xx.s
      At line 334 in file startup_stm32h562xx.s

TIM8_BRK_IRQHandler 0000001C

Symbol: TIM8_BRK_IRQHandler
   Definitions
      At line 472 in file startup_stm32h562xx.s
   Uses
      At line 142 in file startup_stm32h562xx.s
      At line 349 in file startup_stm32h562xx.s

TIM8_CC_IRQHandler 0000001C

Symbol: TIM8_CC_IRQHandler
   Definitions
      At line 475 in file startup_stm32h562xx.s
   Uses
      At line 145 in file startup_stm32h562xx.s
      At line 352 in file startup_stm32h562xx.s

TIM8_TRG_COM_IRQHandler 0000001C

Symbol: TIM8_TRG_COM_IRQHandler
   Definitions
      At line 474 in file startup_stm32h562xx.s
   Uses
      At line 144 in file startup_stm32h562xx.s
      At line 351 in file startup_stm32h562xx.s

TIM8_UP_IRQHandler 0000001C




ARM Macro Assembler    Page 19 Alphabetic symbol ordering
Relocatable symbols

Symbol: TIM8_UP_IRQHandler
   Definitions
      At line 473 in file startup_stm32h562xx.s
   Uses
      At line 143 in file startup_stm32h562xx.s
      At line 350 in file startup_stm32h562xx.s

UART12_IRQHandler 0000001C

Symbol: UART12_IRQHandler
   Definitions
      At line 508 in file startup_stm32h562xx.s
   Uses
      At line 178 in file startup_stm32h562xx.s
      At line 385 in file startup_stm32h562xx.s

UART4_IRQHandler 0000001C

Symbol: UART4_IRQHandler
   Definitions
      At line 468 in file startup_stm32h562xx.s
   Uses
      At line 138 in file startup_stm32h562xx.s
      At line 345 in file startup_stm32h562xx.s

UART5_IRQHandler 0000001C

Symbol: UART5_IRQHandler
   Definitions
      At line 469 in file startup_stm32h562xx.s
   Uses
      At line 139 in file startup_stm32h562xx.s
      At line 346 in file startup_stm32h562xx.s

UART7_IRQHandler 0000001C

Symbol: UART7_IRQHandler
   Definitions
      At line 505 in file startup_stm32h562xx.s
   Uses
      At line 175 in file startup_stm32h562xx.s
      At line 382 in file startup_stm32h562xx.s

UART8_IRQHandler 0000001C

Symbol: UART8_IRQHandler
   Definitions
      At line 506 in file startup_stm32h562xx.s
   Uses
      At line 176 in file startup_stm32h562xx.s
      At line 383 in file startup_stm32h562xx.s

UART9_IRQHandler 0000001C

Symbol: UART9_IRQHandler
   Definitions
      At line 507 in file startup_stm32h562xx.s
   Uses
      At line 177 in file startup_stm32h562xx.s



ARM Macro Assembler    Page 20 Alphabetic symbol ordering
Relocatable symbols

      At line 384 in file startup_stm32h562xx.s

UCPD1_IRQHandler 0000001C

Symbol: UCPD1_IRQHandler
   Definitions
      At line 483 in file startup_stm32h562xx.s
   Uses
      At line 153 in file startup_stm32h562xx.s
      At line 360 in file startup_stm32h562xx.s

USART10_IRQHandler 0000001C

Symbol: USART10_IRQHandler
   Definitions
      At line 493 in file startup_stm32h562xx.s
   Uses
      At line 163 in file startup_stm32h562xx.s
      At line 370 in file startup_stm32h562xx.s

USART11_IRQHandler 0000001C

Symbol: USART11_IRQHandler
   Definitions
      At line 494 in file startup_stm32h562xx.s
   Uses
      At line 164 in file startup_stm32h562xx.s
      At line 371 in file startup_stm32h562xx.s

USART1_IRQHandler 0000001C

Symbol: USART1_IRQHandler
   Definitions
      At line 465 in file startup_stm32h562xx.s
   Uses
      At line 135 in file startup_stm32h562xx.s
      At line 342 in file startup_stm32h562xx.s

USART2_IRQHandler 0000001C

Symbol: USART2_IRQHandler
   Definitions
      At line 466 in file startup_stm32h562xx.s
   Uses
      At line 136 in file startup_stm32h562xx.s
      At line 343 in file startup_stm32h562xx.s

USART3_IRQHandler 0000001C

Symbol: USART3_IRQHandler
   Definitions
      At line 467 in file startup_stm32h562xx.s
   Uses
      At line 137 in file startup_stm32h562xx.s
      At line 344 in file startup_stm32h562xx.s

USART6_IRQHandler 0000001C

Symbol: USART6_IRQHandler



ARM Macro Assembler    Page 21 Alphabetic symbol ordering
Relocatable symbols

   Definitions
      At line 492 in file startup_stm32h562xx.s
   Uses
      At line 162 in file startup_stm32h562xx.s
      At line 369 in file startup_stm32h562xx.s

USB_DRD_FS_IRQHandler 0000001C

Symbol: USB_DRD_FS_IRQHandler
   Definitions
      At line 481 in file startup_stm32h562xx.s
   Uses
      At line 151 in file startup_stm32h562xx.s
      At line 358 in file startup_stm32h562xx.s

UsageFault_Handler 00000010

Symbol: UsageFault_Handler
   Definitions
      At line 253 in file startup_stm32h562xx.s
   Uses
      At line 66 in file startup_stm32h562xx.s
      At line 254 in file startup_stm32h562xx.s

WWDG_IRQHandler 0000001C

Symbol: WWDG_IRQHandler
   Definitions
      At line 408 in file startup_stm32h562xx.s
   Uses
      At line 77 in file startup_stm32h562xx.s
      At line 285 in file startup_stm32h562xx.s

135 symbols



ARM Macro Assembler    Page 1 Alphabetic symbol ordering
Absolute symbols

Heap_Size 00000200

Symbol: Heap_Size
   Definitions
      At line 43 in file startup_stm32h562xx.s
   Uses
      At line 47 in file startup_stm32h562xx.s
Comment: Heap_Size used once
Stack_Size 00000400

Symbol: Stack_Size
   Definitions
      At line 32 in file startup_stm32h562xx.s
   Uses
      At line 35 in file startup_stm32h562xx.s
Comment: Stack_Size used once
__Vectors_Size 0000024C

Symbol: __Vectors_Size
   Definitions
      At line 212 in file startup_stm32h562xx.s
   Uses
      At line 58 in file startup_stm32h562xx.s
Comment: __Vectors_Size used once
3 symbols



ARM Macro Assembler    Page 1 Alphabetic symbol ordering
External symbols

SystemInit 00000000

Symbol: SystemInit
   Definitions
      At line 221 in file startup_stm32h562xx.s
   Uses
      At line 223 in file startup_stm32h562xx.s
Comment: SystemInit used once
__main 00000000

Symbol: __main
   Definitions
      At line 222 in file startup_stm32h562xx.s
   Uses
      At line 225 in file startup_stm32h562xx.s
Comment: __main used once
2 symbols
487 symbols in table
